21:48:01 | Inactive entry: A0A182G6A9 → moved to UniParc UPI0007D1D4B3
21:48:03 | Inactive entry: A0A182GBY5 → moved to UniParc UPI0007D67F3D
21:48:04 | Inactive entry: A0A182GBZ5 → moved to UniParc UPI0007D6C1CC
21:48:07 | Inactive entry: A0A182GM87 → moved to UniParc UPI0007D5D4A6
21:48:20 | Inactive entry: A0A182HE13 → moved to UniParc UPI0007D2256D
21:48:49 | Inactive entry: A0A182G0Q0 → moved to UniParc UPI0007D1999C
21:48:52 | Inactive entry: A0A182G134 → moved to UniParc UPI0007D15438
21:48:53 | Inactive entry: A0A182G151 → moved to UniParc UPI0007D5C116
21:48:54 | Inactive entry: A0A182G1E4 → moved to UniParc UPI0007D29919
21:48:58 | Inactive entry: A0A182G2J8 → moved to UniParc UPI0007D2CC26
21:48:59 | Inactive entry: A0A182G2M7 → moved to UniParc UPI0007D5581D
21:49:00 | Inactive entry: A0A182G2N5 → moved to UniParc UPI0007D21AEA
21:49:01 | Inactive entry: A0A182G2Q0 → moved to UniParc UPI0007D1BAB2
21:49:08 | Inactive entry: A0A182G3H6 → moved to UniParc UPI0007D69E24
21:49:10 | Inactive entry: A0A182G3J1 → moved to UniParc UPI0007D4C072
21:49:11 | Inactive entry: A0A182G3N4 → moved to UniParc UPI0007D5B080
21:49:12 | Inactive entry: A0A182G3N7 → moved to UniParc UPI0007D5D458
21:49:15 | Inactive entry: A0A182G473 → moved to UniParc UPI0007D3EECF
21:49:16 | Inactive entry: A0A182G484 → moved to UniParc UPI0007D55751
21:49:18 | Inactive entry: A0A182G4S7 → moved to UniParc UPI0007D24ABE
21:49:24 | Inactive entry: A0A182G593 → moved to UniParc UPI0007D5D69B
21:49:26 | Inactive entry: A0A182G5B9 → moved to UniParc UPI0007D62B0F
21:49:29 | Inactive entry: A0A182G5M6 → moved to UniParc UPI0007D6531F
21:49:36 | Inactive entry: A0A182G6M7 → moved to UniParc UPI0007D2635C
21:49:37 | Inactive entry: A0A182G6N6 → moved to UniParc UPI0007D64A26
21:49:40 | Inactive entry: A0A182G6V7 → moved to UniParc UPI0007D33538
21:49:41 | Inactive entry: A0A182G6W1 → moved to UniParc UPI0007D6B814
21:49:43 | Inactive entry: A0A182G786 → moved to UniParc UPI0007D3BDB9
21:49:44 | Inactive entry: A0A182G788 → moved to UniParc UPI0007D5511D
21:49:45 | Inactive entry: A0A182G7D1 → moved to UniParc UPI0007D1DF42
21:49:47 | Inactive entry: A0A182G7F5 → moved to UniParc UPI0007D173C2
21:49:50 | Inactive entry: A0A182G7R5 → moved to UniParc UPI0007D12692
21:49:56 | Inactive entry: A0A182GA53 → moved to UniParc UPI0007D149C1
21:49:57 | Inactive entry: A0A182GAK2 → moved to UniParc UPI0007D10E2A
21:49:58 | Inactive entry: A0A182GAN6 → moved to UniParc UPI0007D38515
21:49:59 | Inactive entry: A0A182GAN8 → moved to UniParc UPI0007D13FCC
21:50:02 | Inactive entry: A0A182GB21 → moved to UniParc UPI0007D1A97F
21:50:03 | Inactive entry: A0A182GBE2 → moved to UniParc UPI0007D208AA
21:50:04 | Inactive entry: A0A182GBH6 → moved to UniParc UPI0007D62D78
21:50:08 | Inactive entry: A0A182GBV7 → moved to UniParc UPI0007D22D6F
21:50:09 | Inactive entry: A0A182GBY9 → moved to UniParc UPI0007D1A9BA
21:50:11 | Inactive entry: A0A182GC42 → moved to UniParc UPI0007D13B6C
21:50:12 | Inactive entry: A0A182GC69 → moved to UniParc UPI0007D62237
21:50:23 | Inactive entry: A0A182GDY7 → moved to UniParc UPI0007D32D50
21:50:25 | Inactive entry: A0A182GE26 → moved to UniParc UPI0007D6AC6B
21:50:27 | Inactive entry: A0A182GE86 → moved to UniParc UPI0007D6A773
21:50:30 | Inactive entry: A0A182GEC6 → moved to UniParc UPI0007D32569
21:50:31 | Inactive entry: A0A182GEG3 → moved to UniParc UPI0007D10A1C
21:50:33 | Inactive entry: A0A182GEI8 → moved to UniParc UPI0007D2CAF7
21:50:34 | Inactive entry: A0A182GEP3 → moved to UniParc UPI0007D3B793
21:50:35 | Inactive entry: A0A182GEP8 → moved to UniParc UPI0007D3644D
21:50:36 | Inactive entry: A0A182GEQ8 → moved to UniParc UPI0007D6C770
21:50:40 | Inactive entry: A0A182GEZ6 → moved to UniParc UPI0007D408EA
21:50:43 | Inactive entry: A0A182GFE7 → moved to UniParc UPI0007D441B2
21:50:44 | Inactive entry: A0A182GFG3 → moved to UniParc UPI0007D44B0A
21:50:45 | Inactive entry: A0A182GFK3 → moved to UniParc UPI0007D61822
21:50:47 | Inactive entry: A0A182GFS4 → moved to UniParc UPI0007D3D8E5
21:50:49 | Inactive entry: A0A182GG23 → moved to UniParc UPI0007D504E3
21:50:50 | Inactive entry: A0A182GGX6 → moved to UniParc UPI0007D2AB41
21:50:53 | Inactive entry: A0A182GHS1 → moved to UniParc UPI0001D4B7EE
21:50:54 | Inactive entry: A0A182GHU5 → moved to UniParc UPI0007D56410
21:50:57 | Inactive entry: A0A182GIN2 → moved to UniParc UPI0007D62EC4
21:51:00 | Inactive entry: A0A182GIZ3 → moved to UniParc UPI0007D2A0ED
21:51:04 | Inactive entry: A0A182GJV0 → moved to UniParc UPI0007D3D9CE
21:51:10 | Inactive entry: A0A182GKR1 → moved to UniParc UPI0007D1C732
21:51:12 | Inactive entry: A0A182GL33 → moved to UniParc UPI0007D30AB1
21:51:14 | Inactive entry: A0A182GLF1 → moved to UniParc UPI0007D5977C
21:51:15 | Inactive entry: A0A182GLI1 → moved to UniParc UPI0007D5D089
21:51:21 | Inactive entry: A0A182GMC1 → moved to UniParc UPI0007D1310E
21:51:27 | Inactive entry: A0A182GMX8 → moved to UniParc UPI0007D313BC
21:51:30 | Inactive entry: A0A182GNT2 → moved to UniParc UPI0007D16EC0
21:51:35 | Inactive entry: A0A182GP53 → moved to UniParc UPI0007D300FE
21:51:36 | Inactive entry: A0A182GPF1 → moved to UniParc UPI0007D249CB
21:51:43 | Inactive entry: A0A182GQU6 → moved to UniParc UPI0007D56CC0
21:51:46 | Inactive entry: A0A182GR85 → moved to UniParc UPI0007D3F6D1
21:51:52 | Inactive entry: A0A182GTM1 → moved to UniParc UPI0007D48228
21:51:54 | Inactive entry: A0A182GTN3 → moved to UniParc UPI0007D32786
21:51:55 | Inactive entry: A0A182GTN5 → moved to UniParc UPI0007D63967
21:51:58 | Inactive entry: A0A182GU89 → moved to UniParc UPI0007D4D981
21:52:01 | Inactive entry: A0A182GUP1 → moved to UniParc UPI0007D23BD4
21:52:02 | Inactive entry: A0A182GUQ1 → moved to UniParc UPI0007D6C80B
21:52:04 | Inactive entry: A0A182GUV3 → moved to UniParc UPI0007D46261
21:52:05 | Inactive entry: A0A182GUV4 → moved to UniParc UPI0007D0DFDA
21:52:08 | Inactive entry: A0A182GV15 → moved to UniParc UPI0007D0E200
21:52:10 | Inactive entry: A0A182GVG0 → moved to UniParc UPI0007D23894
21:52:12 | Inactive entry: A0A182GVH7 → moved to UniParc UPI0007D2CA88
21:52:14 | Inactive entry: A0A182GWS6 → moved to UniParc UPI0007D2F1FB
21:52:15 | Inactive entry: A0A182GX42 → moved to UniParc UPI0007D42863
21:52:16 | Inactive entry: A0A182GXI3 → moved to UniParc UPI0007D3F72B
21:52:18 | Inactive entry: A0A182GXK9 → moved to UniParc UPI0007D22BA2
21:52:21 | Inactive entry: A0A182GY39 → moved to UniParc UPI0007D36F11
21:52:23 | Inactive entry: A0A182GYP6 → moved to UniParc UPI0007D3E342
21:52:26 | Inactive entry: A0A182GZ82 → moved to UniParc UPI0007D55C98
21:52:27 | Inactive entry: A0A182GZG4 → moved to UniParc UPI0007D47B73
21:52:29 | Inactive entry: A0A182GZZ1 → moved to UniParc UPI0007D3026F
21:52:31 | Inactive entry: A0A182H022 → moved to UniParc UPI0007D4B0AE
21:52:33 | Inactive entry: A0A182H044 → moved to UniParc UPI0007D10EAD
21:52:34 | Inactive entry: A0A182H086 → moved to UniParc UPI0007D10D52
21:52:36 | Inactive entry: A0A182H0R7 → moved to UniParc UPI0007D38AF8
21:52:39 | Inactive entry: A0A182H0Y8 → moved to UniParc UPI0007D4C7DD
21:52:42 | Inactive entry: A0A182H186 → moved to UniParc UPI0007D495A4
21:52:45 | Inactive entry: A0A182H1J3 → moved to UniParc UPI0007D35244
21:52:47 | Inactive entry: A0A182H207 → moved to UniParc UPI0007D57C79
21:52:48 | Inactive entry: A0A182H2D7 → moved to UniParc UPI0007D42E1B
21:52:50 | Inactive entry: A0A182H2N1 → moved to UniParc UPI0007D5AC22
21:52:51 | Inactive entry: A0A182H2X0 → moved to UniParc UPI0007D21D1E
21:52:56 | Inactive entry: A0A182H391 → moved to UniParc UPI0007D122E6
21:53:00 | Inactive entry: A0A182H3T2 → moved to UniParc UPI0007D2D2BF
21:53:01 | Inactive entry: A0A182H404 → moved to UniParc UPI0007D382DA
21:53:02 | Inactive entry: A0A182H432 → moved to UniParc UPI0007D15155
21:53:03 | Inactive entry: A0A182H443 → moved to UniParc UPI0007D63965
21:53:06 | Inactive entry: A0A182H4L0 → moved to UniParc UPI0007D2C9A4
21:53:07 | Inactive entry: A0A182H4X0 → moved to UniParc UPI0007D3CF33
21:53:10 | Inactive entry: A0A182H540 → moved to UniParc UPI0007D13099
21:53:12 | Inactive entry: A0A182H5B1 → moved to UniParc UPI0007D1D433
21:53:13 | Inactive entry: A0A182H5B7 → moved to UniParc UPI0007D59D7A
21:53:15 | Inactive entry: A0A182H5K1 → moved to UniParc UPI0007D20E77
21:53:17 | Inactive entry: A0A182H5Q9 → moved to UniParc UPI0007D6942F
21:53:18 | Inactive entry: A0A182H5V2 → moved to UniParc UPI0007D4461E
21:53:19 | Inactive entry: A0A182H5W3 → moved to UniParc UPI0007D6BB0E
21:53:20 | Inactive entry: A0A182H615 → moved to UniParc UPI0007D47AEB
21:53:22 | Inactive entry: A0A182H6P5 → moved to UniParc UPI0007D5AAD5
21:53:23 | Inactive entry: A0A182H6T4 → moved to UniParc UPI0007D6AC12
21:53:25 | Inactive entry: A0A182H6W8 → moved to UniParc UPI0007D620FD
21:53:27 | Inactive entry: A0A182H786 → moved to UniParc UPI0007D1C647
21:53:28 | Inactive entry: A0A182H7A4 → moved to UniParc UPI0007D291F6
21:53:29 | Inactive entry: A0A182H7I4 → moved to UniParc UPI0007D3E97E
21:53:32 | Inactive entry: A0A182H856 → moved to UniParc UPI0007D24179
21:53:33 | Inactive entry: A0A182H8F6 → moved to UniParc UPI0007D1D238
21:53:34 | Inactive entry: A0A182H8J7 → moved to UniParc UPI0007D4951C
21:53:35 | Inactive entry: A0A182H8T1 → moved to UniParc UPI0007D5A36B
21:53:39 | Inactive entry: A0A182H9B0 → moved to UniParc UPI0007D33C0B
21:53:40 | Inactive entry: A0A182H9C6 → moved to UniParc UPI0007D56371
21:53:43 | Inactive entry: A0A182H9T9 → moved to UniParc UPI0007D476DE
21:53:47 | Inactive entry: A0A182HAA9 → moved to UniParc UPI0007D497EA
21:53:48 | Inactive entry: A0A182HAG7 → moved to UniParc UPI0007D1E9E9
21:53:54 | Inactive entry: A0A182HB86 → moved to UniParc UPI0007D37107
21:53:55 | Inactive entry: A0A182HBD0 → moved to UniParc UPI0007D28036
21:53:56 | Inactive entry: A0A182HBL3 → moved to UniParc UPI0007D1F2D5
21:53:57 | Inactive entry: A0A182HBY3 → moved to UniParc UPI0007D68D0E
21:54:00 | Inactive entry: A0A182HC61 → moved to UniParc UPI0007D1403D
21:54:01 | Inactive entry: A0A182HC72 → moved to UniParc UPI0007D4D204
21:54:02 | Inactive entry: A0A182HC76 → moved to UniParc UPI0007D20DCC
21:54:06 | Inactive entry: A0A182HCS9 → moved to UniParc UPI0007D19DE6
21:54:10 | Inactive entry: A0A182HDE5 → moved to UniParc UPI0007D59EF6
21:54:11 | Inactive entry: A0A182HDF6 → moved to UniParc UPI0007D45369
21:54:13 | Inactive entry: A0A182HDI8 → moved to UniParc UPI0007D241A9
21:54:15 | Inactive entry: A0A182HDN9 → moved to UniParc UPI0007D4BE1C
21:54:23 | Inactive entry: A0A182HDP9 → moved to UniParc UPI0007D139C5
21:54:49 | Inactive entry: A0A182HE88 → moved to UniParc UPI0007D3F1FD
21:54:52 | Inactive entry: A0A182HEH2 → moved to UniParc UPI0007D3B6E2
21:54:53 | Inactive entry: A0A182HEJ7 → moved to UniParc UPI0007D5354F
21:54:54 | Inactive entry: A0A182HEP5 → moved to UniParc UPI0007D5C53E
21:54:56 | Inactive entry: A0A182HET8 → moved to UniParc UPI0007D56640
21:54:59 | Inactive entry: A0A182HEZ9 → moved to UniParc UPI0007D124AA
21:55:00 | Inactive entry: A0A182HF73 → moved to UniParc UPI0007D0F480
