Error fetching UPI000B77E04D: HTTP 400
Error fetching UPI000935E76C: HTTP 400
Error fetching UPI000B77A71C: HTTP 400
Error fetching UPI000B78DD43: HTTP 400
Error fetching UPI000B76DF3A: HTTP 400
Error fetching UPI000B77E550: HTTP 400
Error fetching UPI000B779F4D: HTTP 400
Error fetching UPI000B780C0F: HTTP 400
Error fetching UPI000B78B91F: HTTP 400
Error fetching UPI000B781E7D: HTTP 400
Error fetching UPI000B776B86: HTTP 400
Error fetching UPI000B7837C1: HTTP 400
Error fetching UPI000B77C0F4: HTTP 400
Error fetching UPI0000E2647F: HTTP 400
Error fetching UPI000B78C8AA: HTTP 400
Error fetching UPI00043AB40E: HTTP 400
Error fetching UPI000B77C5ED: HTTP 400
Error fetching UPI000B779EFD: HTTP 400
Error fetching UPI000B772326: HTTP 400
Error fetching UPI000B77A760: HTTP 400
Error fetching UPI000B7809CD: HTTP 400
Error fetching UPI000B793A2A: HTTP 400
Error fetching UPI000B776733: HTTP 400
Error fetching UPI000B7979E2: HTTP 400
Error fetching UPI000B7833A7: HTTP 400
Error fetching UPI000B7956CC: HTTP 400
Error fetching UPI000B773295: HTTP 400
Error fetching UPI000B797066: HTTP 400
Error fetching UPI000B788BDB: HTTP 400
Error fetching UPI000B77CA0B: HTTP 400
Error fetching UPI000B793520: HTTP 400
Error fetching UPI000B77BCA2: HTTP 400
Error fetching UPI000B787459: HTTP 400
Error fetching UPI000B783298: HTTP 400
Error fetching UPI000B78756B: HTTP 400
Error fetching UPI000B7975BB: HTTP 400
Error fetching UPI000B7895C9: HTTP 400
Error fetching UPI000B76CD3C: HTTP 400
Error fetching UPI000B791CB6: HTTP 400
Error fetching UPI000B792F42: HTTP 400
Error fetching UPI000B791D97: HTTP 400
Error fetching UPI000B78E2FE: HTTP 400
Error fetching UPI000B772E99: HTTP 400
Error fetching UPI000B77F8EF: HTTP 400
Error fetching UPI000B77F62D: HTTP 400
Error fetching UPI000B79900B: HTTP 400
Error fetching UPI000B77D28D: HTTP 400
Error fetching UPI000B78FC6D: HTTP 400
Error fetching UPI000B799835: HTTP 400
Error fetching UPI000B7722A3: HTTP 400
Error fetching UPI000B799CF0: HTTP 400
Error fetching UPI0010A5A533: HTTP 400
Error fetching UPI000B78FC11: HTTP 400
Error fetching UPI000B76BC99: HTTP 400
Error fetching UPI00043AA5A0: HTTP 400
Error fetching UPI000B78F1F8: HTTP 400
Error fetching UPI00093804F6: HTTP 400
Error fetching UPI00093609A0: HTTP 400
Error fetching UPI000B7742AE: HTTP 400
Error fetching UPI000B797A8D: HTTP 400
Error fetching UPI000B799014: HTTP 400
Error fetching UPI000B779854: HTTP 400
Error fetching UPI000B79034A: HTTP 400
Error fetching UPI000B795383: HTTP 400
Error fetching UPI000B78BFA2: HTTP 400
Error fetching UPI000B77833E: HTTP 400
Error fetching UPI000B77ED86: HTTP 400
Error fetching UPI000B78A93E: HTTP 400
Error fetching UPI000B794A39: HTTP 400
Error fetching UPI000B78FCB9: HTTP 400
Error fetching UPI000B77EE70: HTTP 400
Error fetching UPI000B796FB6: HTTP 400
Error fetching UPI000B76D82D: HTTP 400
Error fetching UPI000B79A3BF: HTTP 400
Error fetching UPI000B78F11E: HTTP 400
Error fetching UPI000B770343: HTTP 400
Error fetching UPI000B775E87: HTTP 400
