18:10:06 | [Q0C7B1] No results found in mapping response
18:10:09 | [Q17PI9] No results found in mapping response
18:10:13 | [Q17P09] No results found in mapping response
18:10:15 | [Q17MX1] No results found in mapping response
18:10:18 | [Q17MX6] No results found in mapping response
18:10:24 | [Q17L66] No results found in mapping response
18:10:27 | [Q17L13] No results found in mapping response
18:10:30 | [Q17KU1] No results found in mapping response
18:10:32 | [Q17K92] No results found in mapping response
18:10:35 | [Q17K68] No results found in mapping response
18:10:38 | [Q17J24] No results found in mapping response
18:10:41 | [Q17J26] No results found in mapping response
18:10:44 | [Q17J27] No results found in mapping response
18:10:46 | [Q17J33] No results found in mapping response
18:10:49 | [Q17J05] No results found in mapping response
18:10:52 | [Q17I67] No results found in mapping response
18:10:55 | [Q17HS6] No results found in mapping response
18:11:00 | [Q17G70] No results found in mapping response
18:11:03 | [Q17G52] No results found in mapping response
18:11:07 | [Q17G54] No results found in mapping response
18:11:14 | [Q17FU6] No results found in mapping response
18:11:17 | [Q17FE9] No results found in mapping response
18:11:20 | [Q17F08] No results found in mapping response
18:11:23 | [Q17F07] No results found in mapping response
18:11:26 | [Q17EP7] No results found in mapping response
18:11:28 | [Q17EP1] No results found in mapping response
18:11:31 | [Q17E80] No results found in mapping response
18:11:34 | [Q17E44] No results found in mapping response
18:11:37 | [Q17E15] No results found in mapping response
18:11:40 | [Q17DB6] No results found in mapping response
18:11:42 | [Q17D24] No results found in mapping response
18:11:45 | [Q17CP3] No results found in mapping response
18:11:48 | [Q17CP4] No results found in mapping response
18:11:51 | [Q17CG1] No results found in mapping response
18:11:54 | [Q17C94] No results found in mapping response
18:11:56 | [Q17BY7] No results found in mapping response
18:11:59 | [Q17B43] No results found in mapping response
18:12:02 | [Q17AG5] No results found in mapping response
18:12:05 | [Q179Z3] No results found in mapping response
18:12:08 | [Q179X5] No results found in mapping response
18:12:10 | [Q179A9] No results found in mapping response
18:12:13 | [Q178E9] No results found in mapping response
18:12:16 | [Q177R3] No results found in mapping response
18:12:19 | [Q177H4] No results found in mapping response
18:12:22 | [Q176T6] No results found in mapping response
18:12:24 | [Q175T8] No results found in mapping response
18:12:27 | [Q175M5] No results found in mapping response
18:12:30 | [Q174S1] No results found in mapping response
18:12:33 | [Q174R8] No results found in mapping response
18:12:36 | [Q174C4] No results found in mapping response
18:12:38 | [Q172G9] No results found in mapping response
18:12:41 | [Q171Z5] No results found in mapping response
18:12:44 | [Q170K8] No results found in mapping response
18:12:47 | [Q170K9] No results found in mapping response
18:12:50 | [Q0IEV0] No results found in mapping response
18:12:55 | [Q16YZ8] No results found in mapping response
18:12:58 | [Q16Z01] No results found in mapping response
18:13:01 | [Q16YP6] No results found in mapping response
18:13:06 | [Q16YG5] No results found in mapping response
18:13:09 | [Q16YG3] No results found in mapping response
18:13:12 | [Q16XY9] No results found in mapping response
18:13:15 | [Q16XT5] No results found in mapping response
18:13:17 | [Q16XQ1] No results found in mapping response
18:13:20 | [Q16VM1] No results found in mapping response
18:13:23 | [Q16VA2] No results found in mapping response
18:13:26 | [Q16UA9] No results found in mapping response
18:13:29 | [Q16U87] No results found in mapping response
18:13:31 | [Q16TX6] No results found in mapping response
18:13:34 | [Q16TM2] No results found in mapping response
18:13:37 | [Q0IEI4] No results found in mapping response
18:13:40 | [Q16S94] No results found in mapping response
18:13:43 | [Q16RU6] No results found in mapping response
18:13:46 | [Q16R88] No results found in mapping response
18:13:49 | [Q16R65] No results found in mapping response
18:13:51 | [Q16QS7] No results found in mapping response
18:13:54 | [Q16PX0] No results found in mapping response
18:13:58 | [Q16P43] No results found in mapping response
18:14:01 | [Q16P38] No results found in mapping response
18:14:04 | [Q16N99] No results found in mapping response
18:14:07 | [Q16N85] No results found in mapping response
18:14:10 | [Q16N83] No results found in mapping response
18:14:12 | [Q16MX5] No results found in mapping response
18:14:18 | [Q16MM1] No results found in mapping response
18:14:21 | [Q16MJ6] No results found in mapping response
18:14:24 | [Q16M54] No results found in mapping response
18:14:26 | [Q16M45] No results found in mapping response
18:14:29 | [Q16LX7] No results found in mapping response
18:14:32 | [Q16LS6] No results found in mapping response
18:14:35 | [Q16LK2] No results found in mapping response
18:14:38 | [Q16LI4] No results found in mapping response
18:14:40 | [Q16KR0] No results found in mapping response
18:14:43 | [Q16KR1] No results found in mapping response
18:14:46 | [Q16KQ9] No results found in mapping response
18:14:49 | [Q0IE99] No results found in mapping response
18:14:51 | [Q0IE98] No results found in mapping response
18:14:54 | [Q16KH2] No results found in mapping response
18:14:57 | [Q16IN4] No results found in mapping response
18:15:00 | [Q16II4] No results found in mapping response
18:15:03 | [Q16II5] No results found in mapping response
18:15:05 | [Q16I15] No results found in mapping response
18:15:08 | [Q16HZ9] No results found in mapping response
18:15:11 | [Q16H88] No results found in mapping response
18:15:14 | [Q16H74] No results found in mapping response
18:15:17 | [Q16GL8] No results found in mapping response
18:15:19 | [Q16G51] No results found in mapping response
18:15:22 | [Q16FV7] No results found in mapping response
18:15:25 | [Q16F46] No results found in mapping response
18:15:28 | [Q16F21] No results found in mapping response
18:15:31 | [Q16F16] No results found in mapping response
18:15:33 | [Q16EP6] No results found in mapping response
18:15:36 | [Q16EF2] No results found in mapping response
18:15:39 | [Q1DGK7] No results found in mapping response
18:15:42 | [Q1DGF8] No results found in mapping response
18:15:45 | [J9HG16] No results found in mapping response
