Error fetching A0A182GRR4 from uniprotkb after 3 attempts
Error fetching A0A182G786 from uniprotkb after 3 attempts
Error fetching A0A182GZX3 from uniprotkb after 3 attempts
Error fetching A0A182H5V2 from uniprotkb after 3 attempts
Error fetching A0A182G453 from uniprotkb after 3 attempts
Error fetching A0A182GY22 from uniprotkb after 3 attempts
Error fetching A0A182GCS7 from uniprotkb after 3 attempts
Error fetching A0A182G9P9 from uniprotkb after 3 attempts
Error fetching A0A182GXE6 from uniprotkb after 3 attempts
Error fetching A0A182GTN5 from uniprotkb after 3 attempts
Error fetching A0A182GX55 from uniprotkb after 3 attempts
Error fetching A0A182G5P7 from uniprotkb after 3 attempts
Error fetching A0A182GFG9 from uniprotkb after 3 attempts
Error fetching A0A182GL28 from uniprotkb after 3 attempts
Error fetching A0A182GCA5 from uniprotkb after 3 attempts
Error fetching A0A182H474 from uniprotkb after 3 attempts
Error fetching A0A182GT18 from uniprotkb after 3 attempts
Error fetching A0A182G693 from uniprotkb after 3 attempts
Error fetching A0A182H2D7 from uniprotkb after 3 attempts
Error fetching A0A182HDN9 from uniprotkb after 3 attempts
Error fetching A0A182GLG3 from uniprotkb after 3 attempts
Error fetching A0A182HD65 from uniprotkb after 3 attempts
Error fetching A0A182H527 from uniprotkb after 3 attempts
Error fetching A0A182GM09 from uniprotkb after 3 attempts
Error fetching A0A182GC01 from uniprotkb after 3 attempts
Error fetching A0A182H564 from uniprotkb after 3 attempts
Error fetching A0A182G3J1 from uniprotkb after 3 attempts
Error fetching A0A182G3F4 from uniprotkb after 3 attempts
Error fetching A0A182GUQ1 from uniprotkb after 3 attempts
Error fetching A0A182G1H7 from uniprotkb after 3 attempts
Error fetching A0A182G4Q6 from uniprotkb after 3 attempts
Error fetching A0A182GWB2 from uniprotkb after 3 attempts
Error fetching A0A182G7F5 from uniprotkb after 3 attempts
Error fetching A0A182GKM7 from uniprotkb after 3 attempts
Error fetching A0A182H5W3 from uniprotkb after 3 attempts
Error fetching A0A182GNS9 from uniprotkb after 3 attempts
Error fetching A0A182GCY7 from uniprotkb after 3 attempts
Error fetching A0A182H356 from uniprotkb after 3 attempts
Error fetching A0A182GBE1 from uniprotkb after 3 attempts
Error fetching A0A182GVD8 from uniprotkb after 3 attempts
Error fetching A0A182H9V0 from uniprotkb after 3 attempts
Error fetching A0A182H2M9 from uniprotkb after 3 attempts
Error fetching A0A182G2M3 from uniprotkb after 3 attempts
Error fetching A0A182H3K1 from uniprotkb after 3 attempts
Error fetching A0A182GBG7 from uniprotkb after 3 attempts
Error fetching A0A182H019 from uniprotkb after 3 attempts
Error fetching A0A182G5P0 from uniprotkb after 3 attempts
Error fetching A0A182H4M8 from uniprotkb after 3 attempts
Error fetching A0A182H5Y8 from uniprotkb after 3 attempts
Error fetching A0A182H9S0 from uniprotkb after 3 attempts
Error fetching A0A182GDH7 from uniprotkb after 3 attempts
Error fetching A0A182GRU7 from uniprotkb after 3 attempts
Error fetching A0A182G5V2 from uniprotkb after 3 attempts
Error fetching A0A182H251 from uniprotkb after 3 attempts
Error fetching A0A182GUV3 from uniprotkb after 3 attempts
Error fetching A0A182HBP1 from uniprotkb after 3 attempts
Error fetching A0A182H856 from uniprotkb after 3 attempts
Error fetching A0A182GQV5 from uniprotkb after 3 attempts
Error fetching A0A182GMX7 from uniprotkb after 3 attempts
Error fetching A0A182GWN6 from uniprotkb after 3 attempts
Error fetching A0A182G1F9 from uniprotkb after 3 attempts
Error fetching A0A182GJS5 from uniprotkb after 3 attempts
Error fetching A0A182GXM5 from uniprotkb after 3 attempts
Error fetching A0A182G7B7 from uniprotkb after 3 attempts
Error fetching A0A182GXI3 from uniprotkb after 3 attempts
Error fetching A0A182HEQ4 from uniprotkb after 3 attempts
Error fetching A0A182HFG1 from uniprotkb after 3 attempts
Error fetching A0A182GK18 from uniprotkb after 3 attempts
Error fetching A0A182G773 from uniprotkb after 3 attempts
Error fetching A0A182G2J8 from uniprotkb after 3 attempts
Error fetching A0A182GQF1 from uniprotkb after 3 attempts
Error fetching A0A182H540 from uniprotkb after 3 attempts
Error fetching A0A182HDG4 from uniprotkb after 3 attempts
Error fetching A0A182GPP9 from uniprotkb after 3 attempts
Error fetching A0A182GF84 from uniprotkb after 3 attempts
Error fetching A0A182H044 from uniprotkb after 3 attempts
Error fetching A0A182G533 from uniprotkb after 3 attempts
Error fetching A0A182H9Z8 from uniprotkb after 3 attempts
Error fetching A0A182HDQ9 from uniprotkb after 3 attempts
Error fetching A0A182GT58 from uniprotkb after 3 attempts
Error fetching A0A182GE90 from uniprotkb after 3 attempts
Error fetching A0A182GLL7 from uniprotkb after 3 attempts
Error fetching A0A182GFZ8 from uniprotkb after 3 attempts
Error fetching A0A182GIH1 from uniprotkb after 3 attempts
Error fetching A0A182H342 from uniprotkb after 3 attempts
Error fetching A0A182G804 from uniprotkb after 3 attempts
Error fetching A0A182G252 from uniprotkb after 3 attempts
Error fetching A0A182G3A6 from uniprotkb after 3 attempts
Error fetching A0A182GSV6 from uniprotkb after 3 attempts
Error fetching A0A182GUJ2 from uniprotkb after 3 attempts
Error fetching A0A182GF70 from uniprotkb after 3 attempts
Error fetching A0A182GEG3 from uniprotkb after 3 attempts
Error fetching A0A182GEP8 from uniprotkb after 3 attempts
Error fetching A0A182GD15 from uniprotkb after 3 attempts
Error fetching A0A182H213 from uniprotkb after 3 attempts
Error fetching A0A182H912 from uniprotkb after 3 attempts
Error fetching A0A182HBY3 from uniprotkb after 3 attempts
Error fetching A0A182GHI8 from uniprotkb after 3 attempts
Error fetching A0A182HDK6 from uniprotkb after 3 attempts
Error fetching A0A182G3J5 from uniprotkb after 3 attempts
Error fetching A0A182GZB1 from uniprotkb after 3 attempts
Error fetching A0A182GME3 from uniprotkb after 3 attempts
Error fetching A0A182G2L9 from uniprotkb after 3 attempts
Error fetching A0A182H0I8 from uniprotkb after 3 attempts
Error fetching A0A182H888 from uniprotkb after 3 attempts
Error fetching A0A182GHB6 from uniprotkb after 3 attempts
Error fetching A0A182GFE7 from uniprotkb after 3 attempts
Error fetching A0A182GK01 from uniprotkb after 3 attempts
Error fetching A0A182GQD4 from uniprotkb after 3 attempts
Error fetching A0A182GUP1 from uniprotkb after 3 attempts
Error fetching A0A182GE17 from uniprotkb after 3 attempts
Error fetching A0A182H6N8 from uniprotkb after 3 attempts
Error fetching A0A182GJK0 from uniprotkb after 3 attempts
Error fetching A0A182G4S0 from uniprotkb after 3 attempts
Error fetching A0A182H2W6 from uniprotkb after 3 attempts
Error fetching A0A182GRD2 from uniprotkb after 3 attempts
Error fetching A0A182GV15 from uniprotkb after 3 attempts
Error fetching A0A182G7D4 from uniprotkb after 3 attempts
Error fetching A0A182H331 from uniprotkb after 3 attempts
