Error fetching A0A1S4G7G9 from uniprotkb after 3 attempts
Error fetching A0A1S4G248 from uniprotkb after 3 attempts
Error fetching A0A1S4G149 from uniprotkb after 3 attempts
Error fetching A0A1S4FH10 from uniprotkb after 3 attempts
Error fetching A0A1S4FG91 from uniprotkb after 3 attempts
Error fetching A0A1S4FG15 from uniprotkb after 3 attempts
Error fetching A0A1S4FER6 from uniprotkb after 3 attempts
Error fetching A0A1S4FEP4 from uniprotkb after 3 attempts
Error fetching A0A1S4F5Z6 from uniprotkb after 3 attempts
Error fetching A0A1S4F8W6 from uniprotkb after 3 attempts
Error fetching A0A1S4F361 from uniprotkb after 3 attempts
Error fetching A0A1S4G744 from uniprotkb after 3 attempts
Error fetching A0A1S4FEJ9 from uniprotkb after 3 attempts
Error fetching A0A1S4G7P7 from uniprotkb after 3 attempts
Error fetching A0A1S4FJ89 from uniprotkb after 3 attempts
Error fetching A0A1S4EY60 from uniprotkb after 3 attempts
Error fetching A0A1S4FXM4 from uniprotkb after 3 attempts
Error fetching A0A1S4FP53 from uniprotkb after 3 attempts
Error fetching A0A1S4FMH0 from uniprotkb after 3 attempts
Error fetching A0A1S4G3J9 from uniprotkb after 3 attempts
Error fetching A0A1S4F358 from uniprotkb after 3 attempts
Error fetching A0A1S4G177 from uniprotkb after 3 attempts
Error fetching A0A1S4G0Z6 from uniprotkb after 3 attempts
Error fetching A0A1S4FU68 from uniprotkb after 3 attempts
Error fetching A0A1S4FKB3 from uniprotkb after 3 attempts
Error fetching A0A1S4FAT3 from uniprotkb after 3 attempts
Error fetching A0A1S4F261 from uniprotkb after 3 attempts
Error fetching A0A1S4FXK5 from uniprotkb after 3 attempts
Error fetching A0A1S4G7S4 from uniprotkb after 3 attempts
Error fetching A0A1S4FH95 from uniprotkb after 3 attempts
Error fetching A0A1S4G6M0 from uniprotkb after 3 attempts
Error fetching A0A1S4EWB0 from uniprotkb after 3 attempts
Error fetching A0A1S4F7N3 from uniprotkb after 3 attempts
Error fetching A0A1S4FXV3 from uniprotkb after 3 attempts
Error fetching A0A1S4G793 from uniprotkb after 3 attempts
Error fetching A0A1S4FA68 from uniprotkb after 3 attempts
Error fetching A0A1S4G7U1 from uniprotkb after 3 attempts
Error fetching A0A1S4G6S5 from uniprotkb after 3 attempts
Error fetching A0A1S4EV68 from uniprotkb after 3 attempts
Error fetching A0A1S4G7C6 from uniprotkb after 3 attempts
Error fetching A0A1S4FVC1 from uniprotkb after 3 attempts
Error fetching A0A1S4FGD6 from uniprotkb after 3 attempts
Error fetching A0A1S4FN71 from uniprotkb after 3 attempts
Error fetching A0A1S4EYP6 from uniprotkb after 3 attempts
Error fetching A0A1S4FGE6 from uniprotkb after 3 attempts
Error fetching A0A1S4G2H8 from uniprotkb after 3 attempts
Error fetching A0A1S4G5F1 from uniprotkb after 3 attempts
Error fetching A0A1S4FH62 from uniprotkb after 3 attempts
Error fetching A0A1S4FNQ4 from uniprotkb after 3 attempts
Error fetching A0A1S4G3G5 from uniprotkb after 3 attempts
Error fetching A0A1S4F2H1 from uniprotkb after 3 attempts
Error fetching A0A1S4F3D7 from uniprotkb after 3 attempts
Error fetching A0A1S4FDY2 from uniprotkb after 3 attempts
Error fetching A0A1S4FM75 from uniprotkb after 3 attempts
Error fetching A0A1S4G4U4 from uniprotkb after 3 attempts
Error fetching A0A1S4FXB1 from uniprotkb after 3 attempts
Error fetching A0A1S4F6W9 from uniprotkb after 3 attempts
Error fetching A0A1S4FZW9 from uniprotkb after 3 attempts
Error fetching A0A2C9GG62 from uniprotkb after 3 attempts
Error fetching A0A1S4FU11 from uniprotkb after 3 attempts
Error fetching A0A1S4G102 from uniprotkb after 3 attempts
Error fetching A0A1S4FMJ3 from uniprotkb after 3 attempts
Error fetching A0A1S4G7M9 from uniprotkb after 3 attempts
Error fetching A0A1S4EZV1 from uniprotkb after 3 attempts
Error fetching A0A1S4F315 from uniprotkb after 3 attempts
Error fetching A0A1S4G749 from uniprotkb after 3 attempts
Error fetching A0A1S4FNT4 from uniprotkb after 3 attempts
Error fetching A0A1S4FF96 from uniprotkb after 3 attempts
Error fetching A0A1S4FX71 from uniprotkb after 3 attempts
Error fetching A0A1S4EZP1 from uniprotkb after 3 attempts
Error fetching A0A1S4G7B3 from uniprotkb after 3 attempts
Error fetching A0A1S4FMM9 from uniprotkb after 3 attempts
Error fetching A0A1S4G0V1 from uniprotkb after 3 attempts
Error fetching A0A1S4G0A2 from uniprotkb after 3 attempts
Error fetching A0A1S4F9K8 from uniprotkb after 3 attempts
Error fetching A0A1S4FBA9 from uniprotkb after 3 attempts
Error fetching A0A1S4G1P1 from uniprotkb after 3 attempts
Error fetching A0A1S4F7U0 from uniprotkb after 3 attempts
Error fetching A0A1S4F839 from uniprotkb after 3 attempts
Error fetching A0A1S4G832 from uniprotkb after 3 attempts
Error fetching A0A1S4FQK8 from uniprotkb after 3 attempts
Error fetching A0A1S4EXU7 from uniprotkb after 3 attempts
Error fetching A0A1S4FXX4 from uniprotkb after 3 attempts
Error fetching A0A1S4G5W0 from uniprotkb after 3 attempts
Error fetching A0A1S4FJJ5 from uniprotkb after 3 attempts
Error fetching A0A1S4FG66 from uniprotkb after 3 attempts
Error fetching A0A1S4FVD7 from uniprotkb after 3 attempts
Error fetching A0A1S4G017 from uniprotkb after 3 attempts
Error fetching A0A1S4FC61 from uniprotkb after 3 attempts
Error fetching A0A1S4F5P4 from uniprotkb after 3 attempts
Error fetching A0A1S4EYV5 from uniprotkb after 3 attempts
Error fetching A0A1S4EYD6 from uniprotkb after 3 attempts
Error fetching A0A1S4FLV2 from uniprotkb after 3 attempts
Error fetching A0A1S4G6Z1 from uniprotkb after 3 attempts
Error fetching A0A1S4FJL5 from uniprotkb after 3 attempts
Error fetching A0A1S4G105 from uniprotkb after 3 attempts
Error fetching A0A1S4FDD3 from uniprotkb after 3 attempts
Error fetching A0A1S4FDH9 from uniprotkb after 3 attempts
Error fetching A0A1S4FP16 from uniprotkb after 3 attempts
Error fetching A0A1S4FP64 from uniprotkb after 3 attempts
Error fetching A0A1S4F5X0 from uniprotkb after 3 attempts
