Error fetching A0A1S4G5V0 from uniprotkb after 3 attempts
Error fetching A0A1S4EWU7 from uniprotkb after 3 attempts
Error fetching A0A1S4FMJ3 from uniprotkb after 3 attempts
Error fetching A0A1S4G3U3 from uniprotkb after 3 attempts
Error fetching A0A1S4F3I2 from uniprotkb after 3 attempts
Error fetching A0A1S4G7P0 from uniprotkb after 3 attempts
Error fetching A0A1S4FKB3 from uniprotkb after 3 attempts
Error fetching A0A1S4F0Y7 from uniprotkb after 3 attempts
Error fetching A0A1S4G6P2 from uniprotkb after 3 attempts
Error fetching A0A1S4EW87 from uniprotkb after 3 attempts
Error fetching A0A1S4FNQ3 from uniprotkb after 3 attempts
Error fetching A0A1S4FG91 from uniprotkb after 3 attempts
Error fetching A0A1S4FG15 from uniprotkb after 3 attempts
Error fetching A0A1S4F9X9 from uniprotkb after 3 attempts
Error fetching A0A1S4EXU7 from uniprotkb after 3 attempts
Error fetching A0A1S4F3D7 from uniprotkb after 3 attempts
Error fetching A0A1S4EW75 from uniprotkb after 3 attempts
Error fetching A0A1S4FF96 from uniprotkb after 3 attempts
Error fetching A0A1S4G226 from uniprotkb after 3 attempts
Error fetching A0A1S4G051 from uniprotkb after 3 attempts
Error fetching A0A1S4EVG4 from uniprotkb after 3 attempts
Error fetching A0A1S4FKD6 from uniprotkb after 3 attempts
Error fetching A0A1S4G2P8 from uniprotkb after 3 attempts
Error fetching A0A1S4G7B3 from uniprotkb after 3 attempts
Error fetching A0A1S4FVC1 from uniprotkb after 3 attempts
Error fetching A0A1S4G2H8 from uniprotkb after 3 attempts
Error fetching A0A1S4EV68 from uniprotkb after 3 attempts
Error fetching A0A1S4G3J9 from uniprotkb after 3 attempts
Error fetching A0A1S4F093 from uniprotkb after 3 attempts
Error fetching A0A1S4F055 from uniprotkb after 3 attempts
Error fetching A0A1S4F7Y0 from uniprotkb after 3 attempts
Error fetching A0A1S4F6C8 from uniprotkb after 3 attempts
Error fetching A0A1S4FMH0 from uniprotkb after 3 attempts
Error fetching A0A1S4F7L9 from uniprotkb after 3 attempts
Error fetching A0A1S4FNQ4 from uniprotkb after 3 attempts
Error fetching A0A1S4FNM7 from uniprotkb after 3 attempts
Error fetching A0A1S4G832 from uniprotkb after 3 attempts
Error fetching A0A1S4FGF7 from uniprotkb after 3 attempts
Error fetching A0A1S4EW50 from uniprotkb after 3 attempts
Error fetching A0A1S4F3L9 from uniprotkb after 3 attempts
Error fetching A0A1S4G6S5 from uniprotkb after 3 attempts
Error fetching A0A1S4FY37 from uniprotkb after 3 attempts
Error fetching A0A1S4FU68 from uniprotkb after 3 attempts
Error fetching A0A1S4FU11 from uniprotkb after 3 attempts
Error fetching A0A1S4FQC5 from uniprotkb after 3 attempts
Error fetching A0A1S4FVJ2 from uniprotkb after 3 attempts
Error fetching A0A1S4FGW3 from uniprotkb after 3 attempts
Error fetching A0A1S4FEV9 from uniprotkb after 3 attempts
Error fetching A0A1S4FI86 from uniprotkb after 3 attempts
Error fetching A0A1S4F2H1 from uniprotkb after 3 attempts
Error fetching A0A1S4FCB0 from uniprotkb after 3 attempts
Error fetching A0A1S4FEJ9 from uniprotkb after 3 attempts
Error fetching A0A1S4G4B5 from uniprotkb after 3 attempts
Error fetching A0A1S4EZ00 from uniprotkb after 3 attempts
Error fetching A0A1S4G7P9 from uniprotkb after 3 attempts
Error fetching A0A1S4EZX7 from uniprotkb after 3 attempts
Error fetching A0A1S4EYW6 from uniprotkb after 3 attempts
Error fetching A0A1S4FJY9 from uniprotkb after 3 attempts
Error fetching A0A1S4FH18 from uniprotkb after 3 attempts
Error fetching A0A1S4FXV3 from uniprotkb after 3 attempts
Error fetching A0A1S4FVI6 from uniprotkb after 3 attempts
Error fetching A0A1S4FG66 from uniprotkb after 3 attempts
Error fetching A0A1S4FAU5 from uniprotkb after 3 attempts
Error fetching A0A1S4G4U4 from uniprotkb after 3 attempts
Error fetching A0A1S4FXB1 from uniprotkb after 3 attempts
Error fetching A0A1S4FH95 from uniprotkb after 3 attempts
Error fetching A0A1S4F635 from uniprotkb after 3 attempts
Error fetching A0A1S4F5Z6 from uniprotkb after 3 attempts
Error fetching A0A1S4G7G9 from uniprotkb after 3 attempts
Error fetching A0A1S4G0Z6 from uniprotkb after 3 attempts
Error fetching A0A1S4G177 from uniprotkb after 3 attempts
